------------------------------------------------------------------------------------------------------------------------

[2020-10-10 16:32:26 #1 store] 
Database 'C:\Users\Jorge\eclipse-workspace\IS1\Trabajo_Carreras\Bets\resources\bets.temp' is opened by 16956@LAPTOP-CAMHNDK2

[2020-10-10 16:32:27 #2 type.registry] 
New type domain.Question

[2020-10-10 16:32:27 #3 type] 
Type domain.Question is not enhanced.

[2020-10-10 16:32:27 #4 type.registry] 
New type domain.Answer

[2020-10-10 16:32:27 #5 type.registry] 
New type java.util.Vector<domain.Answer>

[2020-10-10 16:32:27 #6 type.registry] 
New type domain.Event

[2020-10-10 16:32:27 #7 type] 
Type domain.Answer is not enhanced.

[2020-10-10 16:32:27 #8 type.registry] 
New type domain.ApuestaGlobal

[2020-10-10 16:32:27 #9 type.registry] 
New type domain.Apuesta

[2020-10-10 16:32:27 #10 type.registry] 
New type java.util.Vector<domain.Apuesta>

[2020-10-10 16:32:27 #11 type] 
Type domain.Event is not enhanced.

[2020-10-10 16:32:27 #12 type.registry] 
New type java.util.Vector<domain.Question>

[2020-10-10 16:32:27 #13 type] 
Type domain.ApuestaGlobal is not enhanced.

[2020-10-10 16:32:27 #14 type.registry] 
New type domain.Usuario

[2020-10-10 16:32:27 #15 type.registry] 
New type domain.Cliente

[2020-10-10 16:32:27 #16 type] 
Type domain.Apuesta is not enhanced.

[2020-10-10 16:32:27 #17 type] 
Type domain.Usuario is not enhanced.

[2020-10-10 16:32:27 #18 type] 
Type domain.Cliente is not enhanced.

[2020-10-10 16:32:27 #19 type.registry] 
New type domain.Admin

[2020-10-10 16:32:27 #20 type] 
Type domain.Admin is not enhanced.

[2020-10-10 16:32:27 #21 type.registry] 
New type domain.CuentaGlobal

[2020-10-10 16:32:27 #22 type] 
Type domain.CuentaGlobal is not enhanced.

[2020-10-10 16:32:27 #23 type.registry] 
New type java.util.Vector<java.lang.Object>

------------------------------------------------------------------------------------------------------------------------

[2020-10-10 16:34:04 #1 store] 
Database 'C:\Users\Jorge\eclipse-workspace\IS1\Trabajo_Carreras\Bets\resources\bets.temp' is opened by 3984@LAPTOP-CAMHNDK2

[2020-10-10 16:34:04 #2 type.registry] 
New type domain.Question

[2020-10-10 16:34:04 #3 type] 
Type domain.Question is not enhanced.

[2020-10-10 16:34:04 #4 type.registry] 
New type domain.Answer

[2020-10-10 16:34:04 #5 type.registry] 
New type java.util.Vector<domain.Answer>

[2020-10-10 16:34:04 #6 type.registry] 
New type domain.Event

[2020-10-10 16:34:04 #7 type] 
Type domain.Answer is not enhanced.

[2020-10-10 16:34:04 #8 type.registry] 
New type domain.ApuestaGlobal

[2020-10-10 16:34:04 #9 type.registry] 
New type domain.Apuesta

[2020-10-10 16:34:04 #10 type.registry] 
New type java.util.Vector<domain.Apuesta>

[2020-10-10 16:34:04 #11 type] 
Type domain.Event is not enhanced.

[2020-10-10 16:34:04 #12 type.registry] 
New type java.util.Vector<domain.Question>

[2020-10-10 16:34:04 #13 type] 
Type domain.ApuestaGlobal is not enhanced.

[2020-10-10 16:34:05 #14 type.registry] 
New type domain.Usuario

[2020-10-10 16:34:05 #15 type.registry] 
New type domain.Cliente

[2020-10-10 16:34:05 #16 type] 
Type domain.Apuesta is not enhanced.

[2020-10-10 16:34:05 #17 type] 
Type domain.Usuario is not enhanced.

[2020-10-10 16:34:05 #18 type] 
Type domain.Cliente is not enhanced.

[2020-10-10 16:34:05 #19 type.registry] 
New type domain.Admin

[2020-10-10 16:34:05 #20 type] 
Type domain.Admin is not enhanced.

[2020-10-10 16:34:05 #21 type.registry] 
New type domain.CuentaGlobal

[2020-10-10 16:34:05 #22 type] 
Type domain.CuentaGlobal is not enhanced.

[2020-10-10 16:34:05 #23 type.registry] 
New type java.util.Vector<java.lang.Object>

------------------------------------------------------------------------------------------------------------------------

[2020-10-10 16:34:59 #1 store] 
Database 'C:\Users\Jorge\eclipse-workspace\IS1\Trabajo_Carreras\Bets\resources\bets.temp' is opened by 11200@LAPTOP-CAMHNDK2

[2020-10-10 16:34:59 #2 type.registry] 
New type domain.Question

[2020-10-10 16:34:59 #3 type] 
Type domain.Question is not enhanced.

[2020-10-10 16:34:59 #4 type.registry] 
New type domain.Answer

[2020-10-10 16:34:59 #5 type.registry] 
New type java.util.Vector<domain.Answer>

[2020-10-10 16:34:59 #6 type.registry] 
New type domain.Event

[2020-10-10 16:34:59 #7 type] 
Type domain.Answer is not enhanced.

[2020-10-10 16:34:59 #8 type.registry] 
New type domain.ApuestaGlobal

[2020-10-10 16:34:59 #9 type.registry] 
New type domain.Apuesta

[2020-10-10 16:34:59 #10 type.registry] 
New type java.util.Vector<domain.Apuesta>

[2020-10-10 16:34:59 #11 type] 
Type domain.Event is not enhanced.

[2020-10-10 16:34:59 #12 type.registry] 
New type java.util.Vector<domain.Question>

[2020-10-10 16:34:59 #13 type] 
Type domain.ApuestaGlobal is not enhanced.

[2020-10-10 16:34:59 #14 type.registry] 
New type domain.Usuario

[2020-10-10 16:34:59 #15 type.registry] 
New type domain.Cliente

[2020-10-10 16:34:59 #16 type] 
Type domain.Apuesta is not enhanced.

[2020-10-10 16:34:59 #17 type] 
Type domain.Usuario is not enhanced.

[2020-10-10 16:34:59 #18 type] 
Type domain.Cliente is not enhanced.

[2020-10-10 16:34:59 #19 type.registry] 
New type domain.Admin

[2020-10-10 16:34:59 #20 type] 
Type domain.Admin is not enhanced.

[2020-10-10 16:34:59 #21 type.registry] 
New type domain.CuentaGlobal

[2020-10-10 16:34:59 #22 type] 
Type domain.CuentaGlobal is not enhanced.

[2020-10-10 16:34:59 #23 type.registry] 
New type java.util.Vector<java.lang.Object>

------------------------------------------------------------------------------------------------------------------------

[2020-10-10 16:35:42 #1 store] 
Database 'C:\Users\Jorge\eclipse-workspace\IS1\Trabajo_Carreras\Bets\resources\bets.temp' is opened by 10012@LAPTOP-CAMHNDK2

[2020-10-10 16:35:42 #2 type.registry] 
New type domain.Question

[2020-10-10 16:35:42 #3 type] 
Type domain.Question is not enhanced.

[2020-10-10 16:35:42 #4 type.registry] 
New type domain.Answer

[2020-10-10 16:35:42 #5 type.registry] 
New type java.util.Vector<domain.Answer>

[2020-10-10 16:35:42 #6 type.registry] 
New type domain.Event

[2020-10-10 16:35:42 #7 type] 
Type domain.Answer is not enhanced.

[2020-10-10 16:35:42 #8 type.registry] 
New type domain.ApuestaGlobal

[2020-10-10 16:35:42 #9 type.registry] 
New type domain.Apuesta

[2020-10-10 16:35:42 #10 type.registry] 
New type java.util.Vector<domain.Apuesta>

[2020-10-10 16:35:42 #11 type] 
Type domain.Event is not enhanced.

[2020-10-10 16:35:42 #12 type.registry] 
New type java.util.Vector<domain.Question>

[2020-10-10 16:35:42 #13 type] 
Type domain.ApuestaGlobal is not enhanced.

[2020-10-10 16:35:42 #14 type.registry] 
New type domain.Usuario

[2020-10-10 16:35:42 #15 type.registry] 
New type domain.Cliente

[2020-10-10 16:35:42 #16 type] 
Type domain.Apuesta is not enhanced.

[2020-10-10 16:35:42 #17 type] 
Type domain.Usuario is not enhanced.

[2020-10-10 16:35:42 #18 type] 
Type domain.Cliente is not enhanced.

[2020-10-10 16:35:42 #19 type.registry] 
New type domain.Admin

[2020-10-10 16:35:42 #20 type] 
Type domain.Admin is not enhanced.

[2020-10-10 16:35:42 #21 type.registry] 
New type domain.CuentaGlobal

[2020-10-10 16:35:42 #22 type] 
Type domain.CuentaGlobal is not enhanced.

[2020-10-10 16:35:43 #23 type.registry] 
New type java.util.Vector<java.lang.Object>

------------------------------------------------------------------------------------------------------------------------

[2020-10-10 16:36:39 #1 store] 
Database 'C:\Users\Jorge\eclipse-workspace\IS1\Trabajo_Carreras\Bets\resources\bets.temp' is opened by 6400@LAPTOP-CAMHNDK2

[2020-10-10 16:36:39 #2 type.registry] 
New type domain.Question

[2020-10-10 16:36:39 #3 type] 
Type domain.Question is not enhanced.

[2020-10-10 16:36:39 #4 type.registry] 
New type domain.Answer

[2020-10-10 16:36:40 #5 type.registry] 
New type java.util.Vector<domain.Answer>

[2020-10-10 16:36:40 #6 type.registry] 
New type domain.Event

[2020-10-10 16:36:40 #7 type] 
Type domain.Answer is not enhanced.

[2020-10-10 16:36:40 #8 type.registry] 
New type domain.ApuestaGlobal

[2020-10-10 16:36:40 #9 type.registry] 
New type domain.Apuesta

[2020-10-10 16:36:40 #10 type.registry] 
New type java.util.Vector<domain.Apuesta>

[2020-10-10 16:36:40 #11 type] 
Type domain.Event is not enhanced.

[2020-10-10 16:36:40 #12 type.registry] 
New type java.util.Vector<domain.Question>

[2020-10-10 16:36:40 #13 type] 
Type domain.ApuestaGlobal is not enhanced.

[2020-10-10 16:36:40 #14 type.registry] 
New type domain.Usuario

[2020-10-10 16:36:40 #15 type.registry] 
New type domain.Cliente

[2020-10-10 16:36:40 #16 type] 
Type domain.Apuesta is not enhanced.

[2020-10-10 16:36:40 #17 type] 
Type domain.Usuario is not enhanced.

[2020-10-10 16:36:40 #18 type] 
Type domain.Cliente is not enhanced.

[2020-10-10 16:36:40 #19 type.registry] 
New type domain.Admin

[2020-10-10 16:36:40 #20 type] 
Type domain.Admin is not enhanced.

[2020-10-10 16:36:40 #21 type.registry] 
New type domain.CuentaGlobal

[2020-10-10 16:36:40 #22 type] 
Type domain.CuentaGlobal is not enhanced.

[2020-10-10 16:36:40 #23 type.registry] 
New type java.util.Vector<java.lang.Object>

------------------------------------------------------------------------------------------------------------------------

[2020-10-10 16:40:06 #1 store] 
Database 'C:\Users\Jorge\eclipse-workspace\IS1\Trabajo_Carreras\Bets\resources\bets.temp' is opened by 15676@LAPTOP-CAMHNDK2

[2020-10-10 16:40:07 #2 type.registry] 
New type domain.Question

[2020-10-10 16:40:07 #3 type] 
Type domain.Question is not enhanced.

[2020-10-10 16:40:07 #4 type.registry] 
New type domain.Answer

[2020-10-10 16:40:07 #5 type.registry] 
New type java.util.Vector<domain.Answer>

[2020-10-10 16:40:07 #6 type.registry] 
New type domain.Event

[2020-10-10 16:40:07 #7 type] 
Type domain.Answer is not enhanced.

[2020-10-10 16:40:07 #8 type.registry] 
New type domain.ApuestaGlobal

[2020-10-10 16:40:07 #9 type.registry] 
New type domain.Apuesta

[2020-10-10 16:40:07 #10 type.registry] 
New type java.util.Vector<domain.Apuesta>

[2020-10-10 16:40:07 #11 type] 
Type domain.Event is not enhanced.

[2020-10-10 16:40:07 #12 type.registry] 
New type java.util.Vector<domain.Question>

[2020-10-10 16:40:07 #13 type] 
Type domain.ApuestaGlobal is not enhanced.

[2020-10-10 16:40:07 #14 type.registry] 
New type domain.Usuario

[2020-10-10 16:40:07 #15 type.registry] 
New type domain.Cliente

[2020-10-10 16:40:07 #16 type] 
Type domain.Apuesta is not enhanced.

[2020-10-10 16:40:07 #17 type] 
Type domain.Usuario is not enhanced.

[2020-10-10 16:40:07 #18 type] 
Type domain.Cliente is not enhanced.

[2020-10-10 16:40:07 #19 type.registry] 
New type domain.Admin

[2020-10-10 16:40:07 #20 type] 
Type domain.Admin is not enhanced.

[2020-10-10 16:40:07 #21 type.registry] 
New type domain.CuentaGlobal

[2020-10-10 16:40:07 #22 type] 
Type domain.CuentaGlobal is not enhanced.

[2020-10-10 16:40:07 #23 type.registry] 
New type java.util.Vector<java.lang.Object>

------------------------------------------------------------------------------------------------------------------------

[2020-10-10 16:44:04 #1 store] 
Database 'C:\Users\Jorge\eclipse-workspace\IS1\Trabajo_Carreras\Bets\resources\bets.temp' is opened by 18992@LAPTOP-CAMHNDK2

[2020-10-10 16:44:04 #2 type.registry] 
New type domain.Event

[2020-10-10 16:44:04 #3 type] 
Type domain.Event is not enhanced.

[2020-10-10 16:44:04 #4 type.registry] 
New type domain.Question

[2020-10-10 16:44:04 #5 type.registry] 
New type java.util.Vector<domain.Question>

[2020-10-10 16:44:04 #6 type] 
Type domain.Question is not enhanced.

[2020-10-10 16:44:04 #7 type.registry] 
New type domain.Answer

[2020-10-10 16:44:04 #8 type.registry] 
New type java.util.Vector<domain.Answer>

[2020-10-10 16:44:04 #9 type] 
Type domain.Answer is not enhanced.

[2020-10-10 16:44:04 #10 type.registry] 
New type domain.ApuestaGlobal

[2020-10-10 16:44:04 #11 type.registry] 
New type domain.Apuesta

[2020-10-10 16:44:04 #12 type.registry] 
New type java.util.Vector<domain.Apuesta>

[2020-10-10 16:44:04 #13 type] 
Type domain.ApuestaGlobal is not enhanced.

[2020-10-10 16:44:04 #14 type.registry] 
New type domain.Usuario

[2020-10-10 16:44:04 #15 type.registry] 
New type domain.Cliente

[2020-10-10 16:44:04 #16 type] 
Type domain.Apuesta is not enhanced.

[2020-10-10 16:44:04 #17 type] 
Type domain.Usuario is not enhanced.

[2020-10-10 16:44:04 #18 type] 
Type domain.Cliente is not enhanced.

[2020-10-10 16:44:04 #19 type.registry] 
New type java.util.Vector<java.lang.Object>

[2020-10-10 16:44:04 #20 type.registry] 
New type domain.Admin

[2020-10-10 16:44:04 #21 type] 
Type domain.Admin is not enhanced.

[2020-10-10 16:44:04 #22 type.registry] 
New type domain.CuentaGlobal

[2020-10-10 16:44:04 #23 type] 
Type domain.CuentaGlobal is not enhanced.

------------------------------------------------------------------------------------------------------------------------

[2020-10-10 16:46:02 #1 store] 
Database 'C:\Users\Jorge\eclipse-workspace\IS1\Trabajo_Carreras\Bets\resources\bets.temp' is opened by 2848@LAPTOP-CAMHNDK2

[2020-10-10 16:46:03 #2 type.registry] 
New type domain.Question

[2020-10-10 16:46:03 #3 type] 
Type domain.Question is not enhanced.

[2020-10-10 16:46:03 #4 type.registry] 
New type domain.Answer

[2020-10-10 16:46:03 #5 type.registry] 
New type java.util.Vector<domain.Answer>

[2020-10-10 16:46:03 #6 type.registry] 
New type domain.Event

[2020-10-10 16:46:03 #7 type] 
Type domain.Answer is not enhanced.

[2020-10-10 16:46:03 #8 type.registry] 
New type domain.ApuestaGlobal

[2020-10-10 16:46:03 #9 type.registry] 
New type domain.Apuesta

[2020-10-10 16:46:03 #10 type.registry] 
New type java.util.Vector<domain.Apuesta>

[2020-10-10 16:46:03 #11 type] 
Type domain.Event is not enhanced.

[2020-10-10 16:46:03 #12 type.registry] 
New type java.util.Vector<domain.Question>

[2020-10-10 16:46:03 #13 type] 
Type domain.ApuestaGlobal is not enhanced.

[2020-10-10 16:46:03 #14 type.registry] 
New type domain.Usuario

[2020-10-10 16:46:03 #15 type.registry] 
New type domain.Cliente

[2020-10-10 16:46:03 #16 type] 
Type domain.Apuesta is not enhanced.

[2020-10-10 16:46:03 #17 type] 
Type domain.Usuario is not enhanced.

[2020-10-10 16:46:03 #18 type] 
Type domain.Cliente is not enhanced.

[2020-10-10 16:46:03 #19 type.registry] 
New type domain.Admin

[2020-10-10 16:46:03 #20 type] 
Type domain.Admin is not enhanced.

[2020-10-10 16:46:03 #21 type.registry] 
New type domain.CuentaGlobal

[2020-10-10 16:46:03 #22 type] 
Type domain.CuentaGlobal is not enhanced.

[2020-10-10 16:46:03 #23 type.registry] 
New type java.util.Vector<java.lang.Object>

------------------------------------------------------------------------------------------------------------------------

[2020-10-10 16:46:33 #1 store] 
Database 'C:\Users\Jorge\eclipse-workspace\IS1\Trabajo_Carreras\Bets\resources\bets.temp' is opened by 14264@LAPTOP-CAMHNDK2

[2020-10-10 16:46:33 #2 type.registry] 
New type domain.Question

[2020-10-10 16:46:33 #3 type] 
Type domain.Question is not enhanced.

[2020-10-10 16:46:33 #4 type.registry] 
New type domain.Answer

[2020-10-10 16:46:33 #5 type.registry] 
New type java.util.Vector<domain.Answer>

[2020-10-10 16:46:33 #6 type.registry] 
New type domain.Event

[2020-10-10 16:46:33 #7 type] 
Type domain.Answer is not enhanced.

[2020-10-10 16:46:33 #8 type.registry] 
New type domain.ApuestaGlobal

[2020-10-10 16:46:33 #9 type.registry] 
New type domain.Apuesta

[2020-10-10 16:46:33 #10 type.registry] 
New type java.util.Vector<domain.Apuesta>

[2020-10-10 16:46:33 #11 type] 
Type domain.Event is not enhanced.

[2020-10-10 16:46:33 #12 type.registry] 
New type java.util.Vector<domain.Question>

[2020-10-10 16:46:33 #13 type] 
Type domain.ApuestaGlobal is not enhanced.

[2020-10-10 16:46:33 #14 type.registry] 
New type domain.Usuario

[2020-10-10 16:46:33 #15 type.registry] 
New type domain.Cliente

[2020-10-10 16:46:33 #16 type] 
Type domain.Apuesta is not enhanced.

[2020-10-10 16:46:33 #17 type] 
Type domain.Usuario is not enhanced.

[2020-10-10 16:46:33 #18 type] 
Type domain.Cliente is not enhanced.

[2020-10-10 16:46:33 #19 type.registry] 
New type domain.Admin

[2020-10-10 16:46:33 #20 type] 
Type domain.Admin is not enhanced.

[2020-10-10 16:46:33 #21 type.registry] 
New type domain.CuentaGlobal

[2020-10-10 16:46:33 #22 type] 
Type domain.CuentaGlobal is not enhanced.

[2020-10-10 16:46:33 #23 type.registry] 
New type java.util.Vector<java.lang.Object>

------------------------------------------------------------------------------------------------------------------------

[2020-10-10 17:31:23 #1 store] 
Database 'C:\Users\Jorge\eclipse-workspace\IS1\Trabajo_Carreras\Bets\resources\bets.temp' is opened by 7352@LAPTOP-CAMHNDK2

[2020-10-10 17:31:25 #2 type.registry] 
New type domain.Question

[2020-10-10 17:31:25 #3 type] 
Type domain.Question is not enhanced.

[2020-10-10 17:31:25 #4 type.registry] 
New type domain.Answer

[2020-10-10 17:31:25 #5 type.registry] 
New type java.util.Vector<domain.Answer>

[2020-10-10 17:31:25 #6 type.registry] 
New type domain.Event

[2020-10-10 17:31:25 #7 type] 
Type domain.Answer is not enhanced.

[2020-10-10 17:31:25 #8 type.registry] 
New type domain.ApuestaGlobal

[2020-10-10 17:31:25 #9 type.registry] 
New type domain.Apuesta

[2020-10-10 17:31:25 #10 type.registry] 
New type java.util.Vector<domain.Apuesta>

[2020-10-10 17:31:25 #11 type] 
Type domain.Event is not enhanced.

[2020-10-10 17:31:25 #12 type.registry] 
New type java.util.Vector<domain.Question>

[2020-10-10 17:31:25 #13 type] 
Type domain.ApuestaGlobal is not enhanced.

[2020-10-10 17:31:25 #14 type.registry] 
New type domain.Usuario

[2020-10-10 17:31:25 #15 type.registry] 
New type domain.Cliente

[2020-10-10 17:31:25 #16 type] 
Type domain.Apuesta is not enhanced.

[2020-10-10 17:31:25 #17 type] 
Type domain.Usuario is not enhanced.

[2020-10-10 17:31:25 #18 type] 
Type domain.Cliente is not enhanced.

[2020-10-10 17:31:25 #19 type.registry] 
New type domain.Admin

[2020-10-10 17:31:25 #20 type] 
Type domain.Admin is not enhanced.

[2020-10-10 17:31:25 #21 type.registry] 
New type domain.CuentaGlobal

[2020-10-10 17:31:25 #22 type] 
Type domain.CuentaGlobal is not enhanced.

[2020-10-10 17:31:25 #23 type.registry] 
New type java.util.Vector<java.lang.Object>

------------------------------------------------------------------------------------------------------------------------

[2020-10-10 18:33:54 #1 store] 
Database 'C:\Users\Jorge\eclipse-workspace\IS1\Trabajo_Carreras\Bets\resources\bets.temp' is opened by 12144@LAPTOP-CAMHNDK2

[2020-10-10 18:33:54 #2 type.registry] 
New type domain.Question

[2020-10-10 18:33:54 #3 type] 
Type domain.Question is not enhanced.

[2020-10-10 18:33:54 #4 type.registry] 
New type domain.Answer

[2020-10-10 18:33:54 #5 type.registry] 
New type java.util.Vector<domain.Answer>

[2020-10-10 18:33:54 #6 type.registry] 
New type domain.Event

[2020-10-10 18:33:54 #7 type] 
Type domain.Answer is not enhanced.

[2020-10-10 18:33:54 #8 type.registry] 
New type domain.ApuestaGlobal

[2020-10-10 18:33:54 #9 type.registry] 
New type domain.Apuesta

[2020-10-10 18:33:54 #10 type.registry] 
New type java.util.Vector<domain.Apuesta>

[2020-10-10 18:33:54 #11 type] 
Type domain.Event is not enhanced.

[2020-10-10 18:33:54 #12 type.registry] 
New type java.util.Vector<domain.Question>

[2020-10-10 18:33:54 #13 type] 
Type domain.ApuestaGlobal is not enhanced.

[2020-10-10 18:33:54 #14 type.registry] 
New type domain.Usuario

[2020-10-10 18:33:54 #15 type.registry] 
New type domain.Cliente

[2020-10-10 18:33:54 #16 type] 
Type domain.Apuesta is not enhanced.

[2020-10-10 18:33:54 #17 type] 
Type domain.Usuario is not enhanced.

[2020-10-10 18:33:54 #18 type] 
Type domain.Cliente is not enhanced.

[2020-10-10 18:33:54 #19 type.registry] 
New type domain.Admin

[2020-10-10 18:33:54 #20 type] 
Type domain.Admin is not enhanced.

[2020-10-10 18:33:54 #21 type.registry] 
New type domain.CuentaGlobal

[2020-10-10 18:33:54 #22 type] 
Type domain.CuentaGlobal is not enhanced.

[2020-10-10 18:33:55 #23 type.registry] 
New type java.util.Vector<java.lang.Object>

------------------------------------------------------------------------------------------------------------------------

[2020-10-10 18:35:35 #1 store] 
Database 'C:\Users\Jorge\eclipse-workspace\IS1\Trabajo_Carreras\Bets\resources\bets.temp' is opened by 18984@LAPTOP-CAMHNDK2

[2020-10-10 18:35:35 #2 type.registry] 
New type domain.Question

[2020-10-10 18:35:35 #3 type] 
Type domain.Question is not enhanced.

[2020-10-10 18:35:35 #4 type.registry] 
New type domain.Answer

[2020-10-10 18:35:35 #5 type.registry] 
New type java.util.Vector<domain.Answer>

[2020-10-10 18:35:35 #6 type.registry] 
New type domain.Event

[2020-10-10 18:35:35 #7 type] 
Type domain.Answer is not enhanced.

[2020-10-10 18:35:35 #8 type.registry] 
New type domain.ApuestaGlobal

[2020-10-10 18:35:35 #9 type.registry] 
New type domain.Apuesta

[2020-10-10 18:35:35 #10 type.registry] 
New type java.util.Vector<domain.Apuesta>

[2020-10-10 18:35:35 #11 type] 
Type domain.Event is not enhanced.

[2020-10-10 18:35:35 #12 type.registry] 
New type java.util.Vector<domain.Question>

[2020-10-10 18:35:35 #13 type] 
Type domain.ApuestaGlobal is not enhanced.

[2020-10-10 18:35:35 #14 type.registry] 
New type domain.Usuario

[2020-10-10 18:35:35 #15 type.registry] 
New type domain.Cliente

[2020-10-10 18:35:35 #16 type] 
Type domain.Apuesta is not enhanced.

[2020-10-10 18:35:35 #17 type] 
Type domain.Usuario is not enhanced.

[2020-10-10 18:35:35 #18 type] 
Type domain.Cliente is not enhanced.

[2020-10-10 18:35:35 #19 type.registry] 
New type domain.Admin

[2020-10-10 18:35:35 #20 type] 
Type domain.Admin is not enhanced.

[2020-10-10 18:35:35 #21 type.registry] 
New type domain.CuentaGlobal

[2020-10-10 18:35:35 #22 type] 
Type domain.CuentaGlobal is not enhanced.

[2020-10-10 18:35:35 #23 type.registry] 
New type java.util.Vector<java.lang.Object>

